Info: Starting: Create HDL design files for synthesis
Info: qsys-generate /home/ellabuser/altera/15.1/Projects/DE1_SOC_Linux_FB_onchip/soc_system.qsys --synthesis=VERILOG --output-directory=/home/ellabuser/altera/15.1/Projects/DE1_SOC_Linux_FB_onchip/soc_system/synthesis --family="Cyclone V" --part=5CSEMA5F31C6
Progress: Loading DE1_SOC_Linux_FB_onchip/soc_system.qsys
Progress: Reading input file
Progress: Adding TERASIC_CAMERA_0 [TERASIC_CAMERA 1.0]
Progress: Parameterizing module TERASIC_CAMERA_0
Progress: Adding alt_vip_cl_clp_1 [alt_vip_cl_clp 15.1]
Progress: Parameterizing module alt_vip_cl_clp_1
Progress: Adding alt_vip_cl_scl_0 [alt_vip_cl_scl 15.1]
Progress: Parameterizing module alt_vip_cl_scl_0
Progress: Adding alt_vip_cl_tpg_0 [alt_vip_cl_tpg 15.1]
Progress: Parameterizing module alt_vip_cl_tpg_0
Progress: Adding alt_vip_cpr_0 [alt_vip_cpr 13.1]
Progress: Parameterizing module alt_vip_cpr_0
Progress: Adding alt_vip_cpr_2 [alt_vip_cpr 13.1]
Progress: Parameterizing module alt_vip_cpr_2
Progress: Adding alt_vip_itc_0 [alt_vip_itc 14.0]
Progress: Parameterizing module alt_vip_itc_0
Progress: Adding alt_vip_mix_0 [alt_vip_mix 13.1]
Progress: Parameterizing module alt_vip_mix_0
Progress: Adding alt_vip_vfb_0 [alt_vip_vfb 13.1]
Progress: Parameterizing module alt_vip_vfb_0
Progress: Adding alt_vip_vfr_vga [alt_vip_vfr 14.0]
Progress: Parameterizing module alt_vip_vfr_vga
Progress: Adding clk_0 [clock_source 15.1]
Progress: Parameterizing module clk_0
Progress: Adding hps_0 [altera_hps 15.1]
Progress: Parameterizing module hps_0
Progress: Adding i2c_opencores_camera [i2c_opencores 12.0]
Progress: Parameterizing module i2c_opencores_camera
Progress: Adding i2c_opencores_mipi [i2c_opencores 12.0]
Progress: Parameterizing module i2c_opencores_mipi
Progress: Adding intr_capturer_0 [intr_capturer 100.99.98.97]
Progress: Parameterizing module intr_capturer_0
Progress: Adding jtag_uart [altera_avalon_jtag_uart 15.1]
Progress: Parameterizing module jtag_uart
Progress: Adding key [altera_avalon_pio 15.1]
Progress: Parameterizing module key
Progress: Adding led [altera_avalon_pio 15.1]
Progress: Parameterizing module led
Progress: Adding master_non_sec [altera_jtag_avalon_master 15.1]
Progress: Parameterizing module master_non_sec
Progress: Adding master_secure [altera_jtag_avalon_master 15.1]
Progress: Parameterizing module master_secure
Progress: Adding mipi_pwdn_n [altera_avalon_pio 15.1]
Progress: Parameterizing module mipi_pwdn_n
Progress: Adding mipi_reset_n [altera_avalon_pio 15.1]
Progress: Parameterizing module mipi_reset_n
Progress: Adding onchip_memory [altera_avalon_onchip_memory2 15.1]
Progress: Parameterizing module onchip_memory
Progress: Adding pll_0 [altera_pll 15.1]
Progress: Parameterizing module pll_0
Progress: Adding sdram [altera_avalon_new_sdram_controller 15.1]
Progress: Parameterizing module sdram
Progress: Adding st_adapter_0 [altera_avalon_st_adapter 15.1]
Progress: Parameterizing module st_adapter_0
Progress: Adding sw [altera_avalon_pio 15.1]
Progress: Parameterizing module sw
Progress: Adding sysid_qsys [altera_avalon_sysid_qsys 15.1]
Progress: Parameterizing module sysid_qsys
Progress: Adding video_csc_0 [altera_up_avalon_video_csc 15.1]
Progress: Parameterizing module video_csc_0
Progress: Adding video_dma_controller_0 [altera_up_avalon_video_dma_controller 15.1]
Progress: Parameterizing module video_dma_controller_0
Progress: Building connections
Progress: Parameterizing connections
Progress: Validating
Progress: Done reading input file
Warning: soc_system.alt_vip_vfr_vga: The module properties SIMULATION_MODEL_IN_VERILOG and SIMULATION_MODEL_IN_VHDL can not both be set when using the SIMULATION file property: src_hdl/alt_vipvfr131_vfr.v, src_hdl/alt_vipvfr131_vfr_controller.v, src_hdl/alt_vipvfr131_vfr_control_packet_encoder.v, src_hdl/alt_vipvfr131_prc.v, src_hdl/alt_vipvfr131_prc_core.v, src_hdl/alt_vipvfr131_prc_read_master.v, /home/ellabuser/altera/15.1/ip/altera/frame_reader/common_hdl/alt_vipvfr131_common_package.vhd, /home/ellabuser/altera/15.1/ip/altera/frame_reader/common_hdl/alt_vipvfr131_common_avalon_mm_bursting_master_fifo.vhd, /home/ellabuser/altera/15.1/ip/altera/frame_reader/common_hdl/alt_vipvfr131_common_avalon_mm_master.v, /home/ellabuser/altera/15.1/ip/altera/frame_reader/common_hdl/alt_vipvfr131_common_unpack_data.v, /home/ellabuser/altera/15.1/ip/altera/frame_reader/common_hdl/alt_vipvfr131_common_avalon_mm_slave.v, /home/ellabuser/altera/15.1/ip/altera/frame_reader/common_hdl/alt_vipvfr131_common_stream_output.v, /home/ellabuser/altera/15.1/ip/altera/frame_reader/common_hdl/alt_vipvfr131_common_pulling_width_adapter.vhd, /home/ellabuser/altera/15.1/ip/altera/frame_reader/common_hdl/alt_vipvfr131_common_general_fifo.vhd, /home/ellabuser/altera/15.1/ip/altera/frame_reader/common_hdl/alt_vipvfr131_common_fifo_usedw_calculator.vhd, /home/ellabuser/altera/15.1/ip/altera/frame_reader/common_hdl/alt_vipvfr131_common_gray_clock_crosser.vhd, /home/ellabuser/altera/15.1/ip/altera/frame_reader/common_hdl/alt_vipvfr131_common_std_logic_vector_delay.vhd, /home/ellabuser/altera/15.1/ip/altera/frame_reader/common_hdl/alt_vipvfr131_common_one_bit_delay.vhd, /home/ellabuser/altera/15.1/ip/altera/frame_reader/common_hdl/alt_vipvfr131_common_logic_fifo.vhd, /home/ellabuser/altera/15.1/ip/altera/frame_reader/common_hdl/alt_vipvfr131_common_ram_fifo.vhd
Info: soc_system.hps_0: HPS Main PLL counter settings: n = 0  m = 73
Info: soc_system.hps_0: HPS peripherial PLL counter settings: n = 0  m = 39
Warning: soc_system.hps_0: "Configuration/HPS-to-FPGA user 0 clock frequency" (desired_cfg_clk_mhz) requested 100.0 MHz, but only achieved 97.368421 MHz
Warning: soc_system.hps_0: "QSPI clock frequency" (desired_qspi_clk_mhz) requested 400.0 MHz, but only achieved 370.0 MHz
Warning: soc_system.hps_0: 1 or more output clock frequencies cannot be achieved precisely, consider revising desired output clock frequencies.
Info: soc_system.hps_0: Ensure that valid Cortex A9 boot code is available to the HPS system when enabling boot from FPGA and h2f_axi_master interface is connecting to slave component start at address 0x0.
Info: soc_system.key: PIO inputs are not hardwired in test bench. Undefined values will be read from PIO inputs during simulation.
Info: soc_system.pll_0: The legal reference clock frequency is 5.0 MHz..800.0 MHz
Info: soc_system.pll_0: Able to implement PLL with user settings
Info: soc_system.st_adapter_0: Inserting timing_adapter: timing_adapter_0
Info: soc_system.sw: PIO inputs are not hardwired in test bench. Undefined values will be read from PIO inputs during simulation.
Info: soc_system.sysid_qsys: System ID is not assigned automatically. Edit the System ID parameter to provide a unique ID
Info: soc_system.sysid_qsys: Time stamp will be automatically updated when this component is generated.
Info: soc_system.video_csc_0: Colour Space Conversion: 8 (bits) x 3 (planes) (24-bit RGB) -> 8 (bits) x 1 (planes) (Grayscale (Y))
Warning: soc_system.hps_0: hps_0.f2h_boot_from_fpga must be exported, or connected to a matching conduit.
Warning: soc_system.alt_vip_vfr_vga: Interrupt sender alt_vip_vfr_vga.interrupt_sender is not connected to an interrupt receiver
Warning: soc_system.i2c_opencores_camera: Interrupt sender i2c_opencores_camera.interrupt_sender is not connected to an interrupt receiver
Warning: soc_system.i2c_opencores_mipi: Interrupt sender i2c_opencores_mipi.interrupt_sender is not connected to an interrupt receiver
Info: soc_system: Generating soc_system "soc_system" for QUARTUS_SYNTH
Info: Interconnect is inserted between master video_dma_controller_0.avalon_dma_master and slave onchip_memory.s1 because the master has address signal 32 bit wide, but the slave is 16 bit wide.
Info: Interconnect is inserted between master video_dma_controller_0.avalon_dma_master and slave onchip_memory.s1 because the master has waitrequest signal 1 bit wide, but the slave is 0 bit wide.
Info: Interconnect is inserted between master video_dma_controller_0.avalon_dma_master and slave onchip_memory.s1 because the master has writedata signal 8 bit wide, but the slave is 32 bit wide.
Info: Interconnect is inserted between master video_dma_controller_0.avalon_dma_master and slave onchip_memory.s1 because they have different clock source.
Info: Inserting clock-crossing logic between cmd_demux.src0 and cmd_mux.sink0
Info: Inserting clock-crossing logic between rsp_demux.src0 and rsp_mux.sink0
Info: Inserting clock-crossing logic between cmd_demux.src0 and cmd_mux.sink0
Info: Inserting clock-crossing logic between cmd_demux.src1 and cmd_mux_001.sink0
Info: Inserting clock-crossing logic between rsp_demux.src0 and rsp_mux.sink0
Info: Inserting clock-crossing logic between rsp_demux_001.src0 and rsp_mux.sink1
Info: Inserting clock-crossing logic between hps_0_h2f_axi_master_wr_to_sdram_s1_cmd_width_adapter.src and cmd_mux.sink0
Info: Inserting clock-crossing logic between hps_0_h2f_axi_master_rd_to_sdram_s1_cmd_width_adapter.src and cmd_mux.sink1
Info: Inserting clock-crossing logic between sdram_s1_to_hps_0_h2f_axi_master_wr_rsp_width_adapter.src and rsp_mux.sink0
Info: Inserting clock-crossing logic between sdram_s1_to_hps_0_h2f_axi_master_rd_rsp_width_adapter.src and rsp_mux_001.sink0
Info: Inserting clock-crossing logic between cmd_demux.src0 and cmd_mux.sink0
Info: Inserting clock-crossing logic between cmd_demux.src2 and cmd_mux_002.sink0
Info: Inserting clock-crossing logic between cmd_demux.src5 and cmd_mux_005.sink0
Info: Inserting clock-crossing logic between cmd_demux.src6 and cmd_mux_006.sink0
Info: Inserting clock-crossing logic between cmd_demux_001.src0 and cmd_mux.sink1
Info: Inserting clock-crossing logic between cmd_demux_001.src2 and cmd_mux_002.sink1
Info: Inserting clock-crossing logic between cmd_demux_001.src5 and cmd_mux_005.sink1
Info: Inserting clock-crossing logic between cmd_demux_001.src6 and cmd_mux_006.sink1
Info: Inserting clock-crossing logic between cmd_demux_002.src1 and cmd_mux_002.sink2
Info: Inserting clock-crossing logic between rsp_demux.src0 and rsp_mux.sink0
Info: Inserting clock-crossing logic between rsp_demux.src1 and rsp_mux_001.sink0
Info: Inserting clock-crossing logic between rsp_demux_002.src0 and rsp_mux.sink2
Info: Inserting clock-crossing logic between rsp_demux_002.src1 and rsp_mux_001.sink2
Info: Inserting clock-crossing logic between rsp_demux_002.src2 and rsp_mux_002.sink1
Info: Inserting clock-crossing logic between rsp_demux_005.src0 and rsp_mux.sink5
Info: Inserting clock-crossing logic between rsp_demux_005.src1 and rsp_mux_001.sink5
Info: Inserting clock-crossing logic between rsp_demux_006.src0 and rsp_mux.sink6
Info: Inserting clock-crossing logic between rsp_demux_006.src1 and rsp_mux_001.sink6
Warning: hps_0.f2h_irq0: Cannot connect clock for irq_mapper.sender
Warning: hps_0.f2h_irq0: Cannot connect reset for irq_mapper.sender
Warning: hps_0.f2h_irq1: Cannot connect clock for irq_mapper_001.sender
Warning: hps_0.f2h_irq1: Cannot connect reset for irq_mapper_001.sender
Info: TERASIC_CAMERA_0: "soc_system" instantiated TERASIC_CAMERA "TERASIC_CAMERA_0"
Info: alt_vip_cl_clp_1: "soc_system" instantiated alt_vip_cl_clp "alt_vip_cl_clp_1"
Info: alt_vip_cl_scl_0: "soc_system" instantiated alt_vip_cl_scl "alt_vip_cl_scl_0"
Info: alt_vip_cl_tpg_0: "soc_system" instantiated alt_vip_cl_tpg "alt_vip_cl_tpg_0"
Info: alt_vip_cpr_0: "soc_system" instantiated alt_vip_cpr "alt_vip_cpr_0"
Info: alt_vip_cpr_2: "soc_system" instantiated alt_vip_cpr "alt_vip_cpr_2"
Info: alt_vip_itc_0: "soc_system" instantiated alt_vip_itc "alt_vip_itc_0"
Info: alt_vip_mix_0: "soc_system" instantiated alt_vip_mix "alt_vip_mix_0"
Info: alt_vip_vfb_0: "soc_system" instantiated alt_vip_vfb "alt_vip_vfb_0"
Info: alt_vip_vfr_vga: "soc_system" instantiated alt_vip_vfr "alt_vip_vfr_vga"
Info: hps_0: "Running  for module: hps_0"
Info: hps_0: HPS Main PLL counter settings: n = 0  m = 73
Info: hps_0: HPS peripherial PLL counter settings: n = 0  m = 39
Warning: hps_0: "Configuration/HPS-to-FPGA user 0 clock frequency" (desired_cfg_clk_mhz) requested 100.0 MHz, but only achieved 97.368421 MHz
Warning: hps_0: "QSPI clock frequency" (desired_qspi_clk_mhz) requested 400.0 MHz, but only achieved 370.0 MHz
Warning: hps_0: 1 or more output clock frequencies cannot be achieved precisely, consider revising desired output clock frequencies.
Info: hps_0: Ensure that valid Cortex A9 boot code is available to the HPS system when enabling boot from FPGA and h2f_axi_master interface is connecting to slave component start at address 0x0.
Info: hps_0: "soc_system" instantiated altera_hps "hps_0"
Info: i2c_opencores_camera: "soc_system" instantiated i2c_opencores "i2c_opencores_camera"
Info: intr_capturer_0: "soc_system" instantiated intr_capturer "intr_capturer_0"
Info: jtag_uart: Starting RTL generation for module 'soc_system_jtag_uart'
Info: jtag_uart:   Generation command is [exec /home/ellabuser/altera/15.1/quartus/linux64/perl/bin/perl -I /home/ellabuser/altera/15.1/quartus/linux64/perl/lib -I /home/ellabuser/altera/15.1/quartus/sopc_builder/bin/europa -I /home/ellabuser/altera/15.1/quartus/sopc_builder/bin/perl_lib -I /home/ellabuser/altera/15.1/quartus/sopc_builder/bin -I /home/ellabuser/altera/15.1/quartus/../ip/altera/sopc_builder_ip/common -I /home/ellabuser/altera/15.1/quartus/../ip/altera/sopc_builder_ip/altera_avalon_jtag_uart -- /home/ellabuser/altera/15.1/quartus/../ip/altera/sopc_builder_ip/altera_avalon_jtag_uart/generate_rtl.pl --name=soc_system_jtag_uart --dir=/tmp/alt7681_4014594314498537451.dir/0010_jtag_uart_gen/ --quartus_dir=/home/ellabuser/altera/15.1/quartus --verilog --config=/tmp/alt7681_4014594314498537451.dir/0010_jtag_uart_gen//soc_system_jtag_uart_component_configuration.pl  --do_build_sim=0  ]
Info: jtag_uart: Done RTL generation for module 'soc_system_jtag_uart'
Info: jtag_uart: "soc_system" instantiated altera_avalon_jtag_uart "jtag_uart"
Info: key: Starting RTL generation for module 'soc_system_key'
Info: key:   Generation command is [exec /home/ellabuser/altera/15.1/quartus/linux64/perl/bin/perl -I /home/ellabuser/altera/15.1/quartus/linux64/perl/lib -I /home/ellabuser/altera/15.1/quartus/sopc_builder/bin/europa -I /home/ellabuser/altera/15.1/quartus/sopc_builder/bin/perl_lib -I /home/ellabuser/altera/15.1/quartus/sopc_builder/bin -I /home/ellabuser/altera/15.1/quartus/../ip/altera/sopc_builder_ip/common -I /home/ellabuser/altera/15.1/quartus/../ip/altera/sopc_builder_ip/altera_avalon_pio -- /home/ellabuser/altera/15.1/quartus/../ip/altera/sopc_builder_ip/altera_avalon_pio/generate_rtl.pl --name=soc_system_key --dir=/tmp/alt7681_4014594314498537451.dir/0011_key_gen/ --quartus_dir=/home/ellabuser/altera/15.1/quartus --verilog --config=/tmp/alt7681_4014594314498537451.dir/0011_key_gen//soc_system_key_component_configuration.pl  --do_build_sim=0  ]
Info: key: Done RTL generation for module 'soc_system_key'
Info: key: "soc_system" instantiated altera_avalon_pio "key"
Info: led: Starting RTL generation for module 'soc_system_led'
Info: led:   Generation command is [exec /home/ellabuser/altera/15.1/quartus/linux64/perl/bin/perl -I /home/ellabuser/altera/15.1/quartus/linux64/perl/lib -I /home/ellabuser/altera/15.1/quartus/sopc_builder/bin/europa -I /home/ellabuser/altera/15.1/quartus/sopc_builder/bin/perl_lib -I /home/ellabuser/altera/15.1/quartus/sopc_builder/bin -I /home/ellabuser/altera/15.1/quartus/../ip/altera/sopc_builder_ip/common -I /home/ellabuser/altera/15.1/quartus/../ip/altera/sopc_builder_ip/altera_avalon_pio -- /home/ellabuser/altera/15.1/quartus/../ip/altera/sopc_builder_ip/altera_avalon_pio/generate_rtl.pl --name=soc_system_led --dir=/tmp/alt7681_4014594314498537451.dir/0012_led_gen/ --quartus_dir=/home/ellabuser/altera/15.1/quartus --verilog --config=/tmp/alt7681_4014594314498537451.dir/0012_led_gen//soc_system_led_component_configuration.pl  --do_build_sim=0  ]
Info: led: Done RTL generation for module 'soc_system_led'
Info: led: "soc_system" instantiated altera_avalon_pio "led"
Info: master_non_sec: "soc_system" instantiated altera_jtag_avalon_master "master_non_sec"
Info: mipi_pwdn_n: Starting RTL generation for module 'soc_system_mipi_pwdn_n'
Info: mipi_pwdn_n:   Generation command is [exec /home/ellabuser/altera/15.1/quartus/linux64/perl/bin/perl -I /home/ellabuser/altera/15.1/quartus/linux64/perl/lib -I /home/ellabuser/altera/15.1/quartus/sopc_builder/bin/europa -I /home/ellabuser/altera/15.1/quartus/sopc_builder/bin/perl_lib -I /home/ellabuser/altera/15.1/quartus/sopc_builder/bin -I /home/ellabuser/altera/15.1/quartus/../ip/altera/sopc_builder_ip/common -I /home/ellabuser/altera/15.1/quartus/../ip/altera/sopc_builder_ip/altera_avalon_pio -- /home/ellabuser/altera/15.1/quartus/../ip/altera/sopc_builder_ip/altera_avalon_pio/generate_rtl.pl --name=soc_system_mipi_pwdn_n --dir=/tmp/alt7681_4014594314498537451.dir/0013_mipi_pwdn_n_gen/ --quartus_dir=/home/ellabuser/altera/15.1/quartus --verilog --config=/tmp/alt7681_4014594314498537451.dir/0013_mipi_pwdn_n_gen//soc_system_mipi_pwdn_n_component_configuration.pl  --do_build_sim=0  ]
Info: mipi_pwdn_n: Done RTL generation for module 'soc_system_mipi_pwdn_n'
Info: mipi_pwdn_n: "soc_system" instantiated altera_avalon_pio "mipi_pwdn_n"
Info: onchip_memory: Starting RTL generation for module 'soc_system_onchip_memory'
Info: onchip_memory:   Generation command is [exec /home/ellabuser/altera/15.1/quartus/linux64/perl/bin/perl -I /home/ellabuser/altera/15.1/quartus/linux64/perl/lib -I /home/ellabuser/altera/15.1/quartus/sopc_builder/bin/europa -I /home/ellabuser/altera/15.1/quartus/sopc_builder/bin/perl_lib -I /home/ellabuser/altera/15.1/quartus/sopc_builder/bin -I /home/ellabuser/altera/15.1/quartus/../ip/altera/sopc_builder_ip/common -I /home/ellabuser/altera/15.1/quartus/../ip/altera/sopc_builder_ip/altera_avalon_onchip_memory2 -- /home/ellabuser/altera/15.1/quartus/../ip/altera/sopc_builder_ip/altera_avalon_onchip_memory2/generate_rtl.pl --name=soc_system_onchip_memory --dir=/tmp/alt7681_4014594314498537451.dir/0014_onchip_memory_gen/ --quartus_dir=/home/ellabuser/altera/15.1/quartus --verilog --config=/tmp/alt7681_4014594314498537451.dir/0014_onchip_memory_gen//soc_system_onchip_memory_component_configuration.pl  --do_build_sim=0  ]
Info: onchip_memory: Done RTL generation for module 'soc_system_onchip_memory'
Info: onchip_memory: "soc_system" instantiated altera_avalon_onchip_memory2 "onchip_memory"
Info: pll_0: "soc_system" instantiated altera_pll "pll_0"
Info: sdram: Starting RTL generation for module 'soc_system_sdram'
Info: sdram:   Generation command is [exec /home/ellabuser/altera/15.1/quartus/linux64/perl/bin/perl -I /home/ellabuser/altera/15.1/quartus/linux64/perl/lib -I /home/ellabuser/altera/15.1/quartus/sopc_builder/bin/europa -I /home/ellabuser/altera/15.1/quartus/sopc_builder/bin/perl_lib -I /home/ellabuser/altera/15.1/quartus/sopc_builder/bin -I /home/ellabuser/altera/15.1/quartus/../ip/altera/sopc_builder_ip/common -I /home/ellabuser/altera/15.1/quartus/../ip/altera/sopc_builder_ip/altera_avalon_new_sdram_controller -- /home/ellabuser/altera/15.1/quartus/../ip/altera/sopc_builder_ip/altera_avalon_new_sdram_controller/generate_rtl.pl --name=soc_system_sdram --dir=/tmp/alt7681_4014594314498537451.dir/0016_sdram_gen/ --quartus_dir=/home/ellabuser/altera/15.1/quartus --verilog --config=/tmp/alt7681_4014594314498537451.dir/0016_sdram_gen//soc_system_sdram_component_configuration.pl  --do_build_sim=0  ]
Info: sdram: Done RTL generation for module 'soc_system_sdram'
Info: sdram: "soc_system" instantiated altera_avalon_new_sdram_controller "sdram"
Info: st_adapter_0: "soc_system" instantiated altera_avalon_st_adapter "st_adapter_0"
Info: sw: Starting RTL generation for module 'soc_system_sw'
Info: sw:   Generation command is [exec /home/ellabuser/altera/15.1/quartus/linux64/perl/bin/perl -I /home/ellabuser/altera/15.1/quartus/linux64/perl/lib -I /home/ellabuser/altera/15.1/quartus/sopc_builder/bin/europa -I /home/ellabuser/altera/15.1/quartus/sopc_builder/bin/perl_lib -I /home/ellabuser/altera/15.1/quartus/sopc_builder/bin -I /home/ellabuser/altera/15.1/quartus/../ip/altera/sopc_builder_ip/common -I /home/ellabuser/altera/15.1/quartus/../ip/altera/sopc_builder_ip/altera_avalon_pio -- /home/ellabuser/altera/15.1/quartus/../ip/altera/sopc_builder_ip/altera_avalon_pio/generate_rtl.pl --name=soc_system_sw --dir=/tmp/alt7681_4014594314498537451.dir/0017_sw_gen/ --quartus_dir=/home/ellabuser/altera/15.1/quartus --verilog --config=/tmp/alt7681_4014594314498537451.dir/0017_sw_gen//soc_system_sw_component_configuration.pl  --do_build_sim=0  ]
Info: sw: Done RTL generation for module 'soc_system_sw'
Info: sw: "soc_system" instantiated altera_avalon_pio "sw"
Info: sysid_qsys: "soc_system" instantiated altera_avalon_sysid_qsys "sysid_qsys"
Info: video_csc_0: Starting Generation of Colour Space Converter
Info: video_csc_0: "soc_system" instantiated altera_up_avalon_video_csc "video_csc_0"
Info: video_dma_controller_0: Starting Generation of Video DMA Controller
Info: video_dma_controller_0: "soc_system" instantiated altera_up_avalon_video_dma_controller "video_dma_controller_0"
Info: avalon_st_adapter: Inserting error_adapter: error_adapter_0
Info: mm_interconnect_0: "soc_system" instantiated altera_mm_interconnect "mm_interconnect_0"
Info: mm_interconnect_1: "soc_system" instantiated altera_mm_interconnect "mm_interconnect_1"
Info: avalon_st_adapter: Inserting error_adapter: error_adapter_0
Info: avalon_st_adapter_001: Inserting error_adapter: error_adapter_0
Info: mm_interconnect_2: "soc_system" instantiated altera_mm_interconnect "mm_interconnect_2"
Info: avalon_st_adapter: Inserting error_adapter: error_adapter_0
Info: avalon_st_adapter_001: Inserting error_adapter: error_adapter_0
Info: avalon_st_adapter_002: Inserting error_adapter: error_adapter_0
Info: avalon_st_adapter_003: Inserting error_adapter: error_adapter_0
Info: avalon_st_adapter_004: Inserting error_adapter: error_adapter_0
Info: avalon_st_adapter_005: Inserting error_adapter: error_adapter_0
Info: avalon_st_adapter_006: Inserting error_adapter: error_adapter_0
Info: avalon_st_adapter_007: Inserting error_adapter: error_adapter_0
Info: avalon_st_adapter_008: Inserting error_adapter: error_adapter_0
Info: avalon_st_adapter_009: Inserting error_adapter: error_adapter_0
Info: avalon_st_adapter_010: Inserting error_adapter: error_adapter_0
Info: avalon_st_adapter_011: Inserting error_adapter: error_adapter_0
Info: avalon_st_adapter_012: Inserting error_adapter: error_adapter_0
Info: avalon_st_adapter_013: Inserting error_adapter: error_adapter_0
Info: mm_interconnect_3: "soc_system" instantiated altera_mm_interconnect "mm_interconnect_3"
Info: irq_mapper: "soc_system" instantiated altera_irq_mapper "irq_mapper"
Info: irq_mapper_001: "soc_system" instantiated altera_irq_mapper "irq_mapper_001"
Info: rst_controller: "soc_system" instantiated altera_reset_controller "rst_controller"
Info: video_in: "alt_vip_cl_clp_1" instantiated alt_vip_video_input_bridge "video_in"
Info: user_packet_demux: "alt_vip_cl_clp_1" instantiated alt_vip_packet_demux "user_packet_demux"
Info: Reusing file /home/ellabuser/altera/15.1/Projects/DE1_SOC_Linux_FB_onchip/soc_system/synthesis/submodules/alt_vip_common_pkg.sv
Info: Reusing file /home/ellabuser/altera/15.1/Projects/DE1_SOC_Linux_FB_onchip/soc_system/synthesis/submodules/alt_vip_common_event_packet_decode.sv
Info: Reusing file /home/ellabuser/altera/15.1/Projects/DE1_SOC_Linux_FB_onchip/soc_system/synthesis/submodules/alt_vip_common_event_packet_encode.sv
Info: clipper_core: "alt_vip_cl_clp_1" instantiated alt_vip_clipper_alg_core "clipper_core"
Info: Reusing file /home/ellabuser/altera/15.1/Projects/DE1_SOC_Linux_FB_onchip/soc_system/synthesis/submodules/alt_vip_common_pkg.sv
Info: Reusing file /home/ellabuser/altera/15.1/Projects/DE1_SOC_Linux_FB_onchip/soc_system/synthesis/submodules/alt_vip_common_event_packet_decode.sv
Info: Reusing file /home/ellabuser/altera/15.1/Projects/DE1_SOC_Linux_FB_onchip/soc_system/synthesis/submodules/alt_vip_common_event_packet_encode.sv
Info: user_packet_mux: "alt_vip_cl_clp_1" instantiated alt_vip_packet_mux "user_packet_mux"
Info: Reusing file /home/ellabuser/altera/15.1/Projects/DE1_SOC_Linux_FB_onchip/soc_system/synthesis/submodules/alt_vip_common_pkg.sv
Info: Reusing file /home/ellabuser/altera/15.1/Projects/DE1_SOC_Linux_FB_onchip/soc_system/synthesis/submodules/alt_vip_common_event_packet_decode.sv
Info: Reusing file /home/ellabuser/altera/15.1/Projects/DE1_SOC_Linux_FB_onchip/soc_system/synthesis/submodules/alt_vip_common_event_packet_encode.sv
Info: video_out: "alt_vip_cl_clp_1" instantiated alt_vip_video_output_bridge "video_out"
Info: Reusing file /home/ellabuser/altera/15.1/Projects/DE1_SOC_Linux_FB_onchip/soc_system/synthesis/submodules/alt_vip_common_pkg.sv
Info: Reusing file /home/ellabuser/altera/15.1/Projects/DE1_SOC_Linux_FB_onchip/soc_system/synthesis/submodules/alt_vip_common_event_packet_decode.sv
Info: Reusing file /home/ellabuser/altera/15.1/Projects/DE1_SOC_Linux_FB_onchip/soc_system/synthesis/submodules/alt_vip_common_event_packet_encode.sv
Info: scheduler: "alt_vip_cl_clp_1" instantiated alt_vip_clipper_scheduler "scheduler"
Info: Reusing file /home/ellabuser/altera/15.1/Projects/DE1_SOC_Linux_FB_onchip/soc_system/synthesis/submodules/alt_vip_common_pkg.sv
Info: Reusing file /home/ellabuser/altera/15.1/Projects/DE1_SOC_Linux_FB_onchip/soc_system/synthesis/submodules/alt_vip_common_event_packet_decode.sv
Info: Reusing file /home/ellabuser/altera/15.1/Projects/DE1_SOC_Linux_FB_onchip/soc_system/synthesis/submodules/alt_vip_common_event_packet_encode.sv
Info: control_slave: "alt_vip_cl_clp_1" instantiated alt_vip_control_slave "control_slave"
Info: Reusing file /home/ellabuser/altera/15.1/Projects/DE1_SOC_Linux_FB_onchip/soc_system/synthesis/submodules/alt_vip_common_pkg.sv
Info: Reusing file /home/ellabuser/altera/15.1/Projects/DE1_SOC_Linux_FB_onchip/soc_system/synthesis/submodules/alt_vip_common_event_packet_decode.sv
Info: Reusing file /home/ellabuser/altera/15.1/Projects/DE1_SOC_Linux_FB_onchip/soc_system/synthesis/submodules/alt_vip_common_event_packet_encode.sv
Info: line_buffer: "alt_vip_cl_scl_0" instantiated alt_vip_line_buffer "line_buffer"
Info: Reusing file /home/ellabuser/altera/15.1/Projects/DE1_SOC_Linux_FB_onchip/soc_system/synthesis/submodules/alt_vip_common_pkg.sv
Info: Reusing file /home/ellabuser/altera/15.1/Projects/DE1_SOC_Linux_FB_onchip/soc_system/synthesis/submodules/alt_vip_common_event_packet_decode.sv
Info: Reusing file /home/ellabuser/altera/15.1/Projects/DE1_SOC_Linux_FB_onchip/soc_system/synthesis/submodules/alt_vip_common_event_packet_encode.sv
Info: scaler_core: "alt_vip_cl_scl_0" instantiated alt_vip_scaler_alg_core "scaler_core"
Info: Reusing file /home/ellabuser/altera/15.1/Projects/DE1_SOC_Linux_FB_onchip/soc_system/synthesis/submodules/alt_vip_common_pkg.sv
Info: Reusing file /home/ellabuser/altera/15.1/Projects/DE1_SOC_Linux_FB_onchip/soc_system/synthesis/submodules/alt_vip_common_event_packet_decode.sv
Info: Reusing file /home/ellabuser/altera/15.1/Projects/DE1_SOC_Linux_FB_onchip/soc_system/synthesis/submodules/alt_vip_common_event_packet_encode.sv
Info: scheduler: "alt_vip_cl_scl_0" instantiated alt_vip_scaler_scheduler "scheduler"
Info: Reusing file /home/ellabuser/altera/15.1/Projects/DE1_SOC_Linux_FB_onchip/soc_system/synthesis/submodules/alt_vip_common_pkg.sv
Info: Reusing file /home/ellabuser/altera/15.1/Projects/DE1_SOC_Linux_FB_onchip/soc_system/synthesis/submodules/alt_vip_common_event_packet_decode.sv
Info: Reusing file /home/ellabuser/altera/15.1/Projects/DE1_SOC_Linux_FB_onchip/soc_system/synthesis/submodules/alt_vip_common_event_packet_encode.sv
Info: kernel_creator: "alt_vip_cl_scl_0" instantiated alt_vip_scaler_kernel_creator "kernel_creator"
Info: Reusing file /home/ellabuser/altera/15.1/Projects/DE1_SOC_Linux_FB_onchip/soc_system/synthesis/submodules/alt_vip_common_pkg.sv
Info: Reusing file /home/ellabuser/altera/15.1/Projects/DE1_SOC_Linux_FB_onchip/soc_system/synthesis/submodules/alt_vip_common_event_packet_decode.sv
Info: Reusing file /home/ellabuser/altera/15.1/Projects/DE1_SOC_Linux_FB_onchip/soc_system/synthesis/submodules/alt_vip_common_event_packet_encode.sv
Info: tpg_core: "alt_vip_cl_tpg_0" instantiated alt_vip_tpg_core "tpg_core"
Info: Reusing file /home/ellabuser/altera/15.1/Projects/DE1_SOC_Linux_FB_onchip/soc_system/synthesis/submodules/alt_vip_common_pkg.sv
Info: Reusing file /home/ellabuser/altera/15.1/Projects/DE1_SOC_Linux_FB_onchip/soc_system/synthesis/submodules/alt_vip_common_event_packet_decode.sv
Info: Reusing file /home/ellabuser/altera/15.1/Projects/DE1_SOC_Linux_FB_onchip/soc_system/synthesis/submodules/alt_vip_common_event_packet_encode.sv
Info: scheduler: "alt_vip_cl_tpg_0" instantiated alt_vip_tpg_scheduler "scheduler"
Info: Reusing file /home/ellabuser/altera/15.1/Projects/DE1_SOC_Linux_FB_onchip/soc_system/synthesis/submodules/alt_vip_common_pkg.sv
Info: Reusing file /home/ellabuser/altera/15.1/Projects/DE1_SOC_Linux_FB_onchip/soc_system/synthesis/submodules/alt_vip_common_event_packet_decode.sv
Info: Reusing file /home/ellabuser/altera/15.1/Projects/DE1_SOC_Linux_FB_onchip/soc_system/synthesis/submodules/alt_vip_common_event_packet_encode.sv
Info: din0: "alt_vip_cpr_0" instantiated alt_avalon_st_input "din0"
Info: dout0_takeb_muxinst: "alt_vip_cpr_0" instantiated alt_cusp_muxbin2 "dout0_takeb_muxinst"
Info: dout0_wdata_muxinst: "alt_vip_cpr_0" instantiated alt_cusp_muxhot16 "dout0_wdata_muxinst"
Info: dout0: "alt_vip_cpr_0" instantiated alt_avalon_st_output "dout0"
Info: Reusing file /home/ellabuser/altera/15.1/Projects/DE1_SOC_Linux_FB_onchip/soc_system/synthesis/submodules/alt_cusp151_package.vhd
Info: din0_non_img_buffer_regs: "alt_vip_cpr_0" instantiated alt_reg "din0_non_img_buffer_regs"
Info: Reusing file /home/ellabuser/altera/15.1/Projects/DE1_SOC_Linux_FB_onchip/soc_system/synthesis/submodules/alt_cusp151_package.vhd
Info: pc: "alt_vip_cpr_0" instantiated alt_pc "pc"
Info: Reusing file /home/ellabuser/altera/15.1/Projects/DE1_SOC_Linux_FB_onchip/soc_system/synthesis/submodules/alt_cusp151_package.vhd
Info: ctrl_cnt_id_1008_line254: "alt_vip_cpr_0" instantiated alt_au "ctrl_cnt_id_1008_line254"
Info: Reusing file /home/ellabuser/altera/15.1/Projects/DE1_SOC_Linux_FB_onchip/soc_system/synthesis/submodules/alt_cusp151_package.vhd
Info: fu_id_1314_line242_28: "alt_vip_cpr_0" instantiated alt_cmp "fu_id_1314_line242_28"
Info: Reusing file /home/ellabuser/altera/15.1/Projects/DE1_SOC_Linux_FB_onchip/soc_system/synthesis/submodules/alt_cusp151_package.vhd
Info: clocksource: "alt_vip_cpr_0" instantiated alt_cusp_testbench_clock "clocksource"
Info: Reusing file /home/ellabuser/altera/15.1/Projects/DE1_SOC_Linux_FB_onchip/soc_system/synthesis/submodules/alt_cusp151_package.vhd
Info: to_output: "alt_vip_mix_0" instantiated alt_fifo "to_output"
Info: Reusing file /home/ellabuser/altera/15.1/Projects/DE1_SOC_Linux_FB_onchip/soc_system/synthesis/submodules/alt_cusp151_package.vhd
Info: control: "alt_vip_mix_0" instantiated alt_avalon_mm_mem_slave "control"
Info: Reusing file /home/ellabuser/altera/15.1/Projects/DE1_SOC_Linux_FB_onchip/soc_system/synthesis/submodules/alt_cusp151_package.vhd
Info: read_master: "alt_vip_vfb_0" instantiated alt_avalon_mm_bursting_master_fifo "read_master"
Info: Reusing file /home/ellabuser/altera/15.1/Projects/DE1_SOC_Linux_FB_onchip/soc_system/synthesis/submodules/alt_cusp151_package.vhd
Info: Reusing file /home/ellabuser/altera/15.1/Projects/DE1_SOC_Linux_FB_onchip/soc_system/synthesis/submodules/alt_cusp151_fifo.vhd
Info: Reusing file /home/ellabuser/altera/15.1/Projects/DE1_SOC_Linux_FB_onchip/soc_system/synthesis/submodules/alt_cusp151_fifo_usedw_calculator.vhd
Info: Reusing file /home/ellabuser/altera/15.1/Projects/DE1_SOC_Linux_FB_onchip/soc_system/synthesis/submodules/alt_cusp151_general_fifo.vhd
Info: Reusing file /home/ellabuser/altera/15.1/Projects/DE1_SOC_Linux_FB_onchip/soc_system/synthesis/submodules/alt_cusp151_gray_clock_crosser.vhd
Info: Reusing file /home/ellabuser/altera/15.1/Projects/DE1_SOC_Linux_FB_onchip/soc_system/synthesis/submodules/alt_cusp151_logic_fifo.vhd
Info: Reusing file /home/ellabuser/altera/15.1/Projects/DE1_SOC_Linux_FB_onchip/soc_system/synthesis/submodules/alt_cusp151_one_bit_delay.vhd
Info: Reusing file /home/ellabuser/altera/15.1/Projects/DE1_SOC_Linux_FB_onchip/soc_system/synthesis/submodules/alt_cusp151_ram_fifo.vhd
Info: Reusing file /home/ellabuser/altera/15.1/Projects/DE1_SOC_Linux_FB_onchip/soc_system/synthesis/submodules/alt_cusp151_std_logic_vector_delay.vhd
Info: read_master_pull: "alt_vip_vfb_0" instantiated alt_cusp_pulling_width_adapter "read_master_pull"
Info: Reusing file /home/ellabuser/altera/15.1/Projects/DE1_SOC_Linux_FB_onchip/soc_system/synthesis/submodules/alt_cusp151_package.vhd
Info: write_master_push: "alt_vip_vfb_0" instantiated alt_cusp_pushing_width_adapter "write_master_push"
Info: Reusing file /home/ellabuser/altera/15.1/Projects/DE1_SOC_Linux_FB_onchip/soc_system/synthesis/submodules/alt_cusp151_package.vhd
Info: fpga_interfaces: "hps_0" instantiated altera_interface_generator "fpga_interfaces"
Info: hps_io: "hps_0" instantiated altera_hps_io "hps_io"
Info: jtag_phy_embedded_in_jtag_master: "master_non_sec" instantiated altera_jtag_dc_streaming "jtag_phy_embedded_in_jtag_master"
Info: timing_adt: "master_non_sec" instantiated timing_adapter "timing_adt"
Info: fifo: "master_non_sec" instantiated altera_avalon_sc_fifo "fifo"
Info: b2p: "master_non_sec" instantiated altera_avalon_st_bytes_to_packets "b2p"
Info: p2b: "master_non_sec" instantiated altera_avalon_st_packets_to_bytes "p2b"
Info: transacto: "master_non_sec" instantiated altera_avalon_packets_to_master "transacto"
Info: b2p_adapter: "master_non_sec" instantiated channel_adapter "b2p_adapter"
Info: p2b_adapter: "master_non_sec" instantiated channel_adapter "p2b_adapter"
Info: timing_adapter_0: "st_adapter_0" instantiated timing_adapter "timing_adapter_0"
Info: video_dma_controller_0_avalon_dma_master_translator: "mm_interconnect_0" instantiated altera_merlin_master_translator "video_dma_controller_0_avalon_dma_master_translator"
Info: onchip_memory_s1_translator: "mm_interconnect_0" instantiated altera_merlin_slave_translator "onchip_memory_s1_translator"
Info: video_dma_controller_0_avalon_dma_master_agent: "mm_interconnect_0" instantiated altera_merlin_master_agent "video_dma_controller_0_avalon_dma_master_agent"
Info: onchip_memory_s1_agent: "mm_interconnect_0" instantiated altera_merlin_slave_agent "onchip_memory_s1_agent"
Info: router: "mm_interconnect_0" instantiated altera_merlin_router "router"
Info: router_001: "mm_interconnect_0" instantiated altera_merlin_router "router_001"
Info: cmd_demux: "mm_interconnect_0" instantiated altera_merlin_demultiplexer "cmd_demux"
Info: cmd_mux: "mm_interconnect_0" instantiated altera_merlin_multiplexer "cmd_mux"
Info: rsp_demux: "mm_interconnect_0" instantiated altera_merlin_demultiplexer "rsp_demux"
Info: rsp_mux: "mm_interconnect_0" instantiated altera_merlin_multiplexer "rsp_mux"
Info: Reusing file /home/ellabuser/altera/15.1/Projects/DE1_SOC_Linux_FB_onchip/soc_system/synthesis/submodules/altera_merlin_arbitrator.sv
Info: onchip_memory_s1_cmd_width_adapter: "mm_interconnect_0" instantiated altera_merlin_width_adapter "onchip_memory_s1_cmd_width_adapter"
Info: Reusing file /home/ellabuser/altera/15.1/Projects/DE1_SOC_Linux_FB_onchip/soc_system/synthesis/submodules/altera_merlin_burst_uncompressor.sv
Info: crosser: "mm_interconnect_0" instantiated altera_avalon_st_handshake_clock_crosser "crosser"
Info: Reusing file /home/ellabuser/altera/15.1/Projects/DE1_SOC_Linux_FB_onchip/soc_system/synthesis/submodules/altera_avalon_st_clock_crosser.v
Info: Reusing file /home/ellabuser/altera/15.1/Projects/DE1_SOC_Linux_FB_onchip/soc_system/synthesis/submodules/altera_avalon_st_pipeline_base.v
Warning: Overwriting different file /home/ellabuser/altera/15.1/Projects/DE1_SOC_Linux_FB_onchip/soc_system/synthesis/submodules/altera_std_synchronizer_nocut.v
Info: avalon_st_adapter: "mm_interconnect_0" instantiated altera_avalon_st_adapter "avalon_st_adapter"
Info: hps_0_f2h_axi_slave_agent: "mm_interconnect_1" instantiated altera_merlin_axi_slave_ni "hps_0_f2h_axi_slave_agent"
Info: Reusing file /home/ellabuser/altera/15.1/Projects/DE1_SOC_Linux_FB_onchip/soc_system/synthesis/submodules/altera_merlin_burst_uncompressor.sv
Info: Reusing file /home/ellabuser/altera/15.1/Projects/DE1_SOC_Linux_FB_onchip/soc_system/synthesis/submodules/altera_avalon_sc_fifo.v
Info: Reusing file /home/ellabuser/altera/15.1/Projects/DE1_SOC_Linux_FB_onchip/soc_system/synthesis/submodules/altera_merlin_address_alignment.sv
Info: router: "mm_interconnect_1" instantiated altera_merlin_router "router"
Info: router_001: "mm_interconnect_1" instantiated altera_merlin_router "router_001"
Info: router_002: "mm_interconnect_1" instantiated altera_merlin_router "router_002"
Info: alt_vip_vfr_vga_avalon_master_limiter: "mm_interconnect_1" instantiated altera_merlin_traffic_limiter "alt_vip_vfr_vga_avalon_master_limiter"
Info: Reusing file /home/ellabuser/altera/15.1/Projects/DE1_SOC_Linux_FB_onchip/soc_system/synthesis/submodules/altera_avalon_sc_fifo.v
Info: Reusing file /home/ellabuser/altera/15.1/Projects/DE1_SOC_Linux_FB_onchip/soc_system/synthesis/submodules/altera_avalon_st_pipeline_base.v
Info: hps_0_f2h_axi_slave_wr_burst_adapter: "mm_interconnect_1" instantiated altera_merlin_burst_adapter "hps_0_f2h_axi_slave_wr_burst_adapter"
Info: Reusing file /home/ellabuser/altera/15.1/Projects/DE1_SOC_Linux_FB_onchip/soc_system/synthesis/submodules/altera_merlin_address_alignment.sv
Info: Reusing file /home/ellabuser/altera/15.1/Projects/DE1_SOC_Linux_FB_onchip/soc_system/synthesis/submodules/altera_avalon_st_pipeline_stage.sv
Info: Reusing file /home/ellabuser/altera/15.1/Projects/DE1_SOC_Linux_FB_onchip/soc_system/synthesis/submodules/altera_avalon_st_pipeline_base.v
Info: cmd_demux: "mm_interconnect_1" instantiated altera_merlin_demultiplexer "cmd_demux"
Info: cmd_demux_001: "mm_interconnect_1" instantiated altera_merlin_demultiplexer "cmd_demux_001"
Info: cmd_mux: "mm_interconnect_1" instantiated altera_merlin_multiplexer "cmd_mux"
Info: Reusing file /home/ellabuser/altera/15.1/Projects/DE1_SOC_Linux_FB_onchip/soc_system/synthesis/submodules/altera_merlin_arbitrator.sv
Info: rsp_mux: "mm_interconnect_1" instantiated altera_merlin_multiplexer "rsp_mux"
Info: Reusing file /home/ellabuser/altera/15.1/Projects/DE1_SOC_Linux_FB_onchip/soc_system/synthesis/submodules/altera_merlin_arbitrator.sv
Info: hps_0_h2f_axi_master_agent: "mm_interconnect_2" instantiated altera_merlin_axi_master_ni "hps_0_h2f_axi_master_agent"
Info: Reusing file /home/ellabuser/altera/15.1/Projects/DE1_SOC_Linux_FB_onchip/soc_system/synthesis/submodules/altera_merlin_address_alignment.sv
Info: router: "mm_interconnect_2" instantiated altera_merlin_router "router"
Info: router_002: "mm_interconnect_2" instantiated altera_merlin_router "router_002"
Info: router_004: "mm_interconnect_2" instantiated altera_merlin_router "router_004"
Info: router_005: "mm_interconnect_2" instantiated altera_merlin_router "router_005"
Info: cmd_demux: "mm_interconnect_2" instantiated altera_merlin_demultiplexer "cmd_demux"
Info: cmd_demux_002: "mm_interconnect_2" instantiated altera_merlin_demultiplexer "cmd_demux_002"
Info: cmd_mux: "mm_interconnect_2" instantiated altera_merlin_multiplexer "cmd_mux"
Info: Reusing file /home/ellabuser/altera/15.1/Projects/DE1_SOC_Linux_FB_onchip/soc_system/synthesis/submodules/altera_merlin_arbitrator.sv
Info: cmd_mux_001: "mm_interconnect_2" instantiated altera_merlin_multiplexer "cmd_mux_001"
Info: Reusing file /home/ellabuser/altera/15.1/Projects/DE1_SOC_Linux_FB_onchip/soc_system/synthesis/submodules/altera_merlin_arbitrator.sv
Info: rsp_demux: "mm_interconnect_2" instantiated altera_merlin_demultiplexer "rsp_demux"
Info: rsp_demux_001: "mm_interconnect_2" instantiated altera_merlin_demultiplexer "rsp_demux_001"
Info: rsp_mux: "mm_interconnect_2" instantiated altera_merlin_multiplexer "rsp_mux"
Info: Reusing file /home/ellabuser/altera/15.1/Projects/DE1_SOC_Linux_FB_onchip/soc_system/synthesis/submodules/altera_merlin_arbitrator.sv
Info: rsp_mux_002: "mm_interconnect_2" instantiated altera_merlin_multiplexer "rsp_mux_002"
Info: Reusing file /home/ellabuser/altera/15.1/Projects/DE1_SOC_Linux_FB_onchip/soc_system/synthesis/submodules/altera_merlin_arbitrator.sv
Info: avalon_st_adapter: "mm_interconnect_2" instantiated altera_avalon_st_adapter "avalon_st_adapter"
Info: router: "mm_interconnect_3" instantiated altera_merlin_router "router"
Info: router_002: "mm_interconnect_3" instantiated altera_merlin_router "router_002"
Info: router_003: "mm_interconnect_3" instantiated altera_merlin_router "router_003"
Info: router_004: "mm_interconnect_3" instantiated altera_merlin_router "router_004"
Info: router_016: "mm_interconnect_3" instantiated altera_merlin_router "router_016"
Info: cmd_demux: "mm_interconnect_3" instantiated altera_merlin_demultiplexer "cmd_demux"
Info: cmd_demux_002: "mm_interconnect_3" instantiated altera_merlin_demultiplexer "cmd_demux_002"
Info: cmd_mux: "mm_interconnect_3" instantiated altera_merlin_multiplexer "cmd_mux"
Info: Reusing file /home/ellabuser/altera/15.1/Projects/DE1_SOC_Linux_FB_onchip/soc_system/synthesis/submodules/altera_merlin_arbitrator.sv
Info: cmd_mux_001: "mm_interconnect_3" instantiated altera_merlin_multiplexer "cmd_mux_001"
Info: Reusing file /home/ellabuser/altera/15.1/Projects/DE1_SOC_Linux_FB_onchip/soc_system/synthesis/submodules/altera_merlin_arbitrator.sv
Info: cmd_mux_013: "mm_interconnect_3" instantiated altera_merlin_multiplexer "cmd_mux_013"
Info: Reusing file /home/ellabuser/altera/15.1/Projects/DE1_SOC_Linux_FB_onchip/soc_system/synthesis/submodules/altera_merlin_arbitrator.sv
Info: rsp_demux: "mm_interconnect_3" instantiated altera_merlin_demultiplexer "rsp_demux"
Info: rsp_demux_001: "mm_interconnect_3" instantiated altera_merlin_demultiplexer "rsp_demux_001"
Info: rsp_demux_002: "mm_interconnect_3" instantiated altera_merlin_demultiplexer "rsp_demux_002"
Info: rsp_demux_003: "mm_interconnect_3" instantiated altera_merlin_demultiplexer "rsp_demux_003"
Info: rsp_demux_013: "mm_interconnect_3" instantiated altera_merlin_demultiplexer "rsp_demux_013"
Info: rsp_mux: "mm_interconnect_3" instantiated altera_merlin_multiplexer "rsp_mux"
Info: Reusing file /home/ellabuser/altera/15.1/Projects/DE1_SOC_Linux_FB_onchip/soc_system/synthesis/submodules/altera_merlin_arbitrator.sv
Info: rsp_mux_002: "mm_interconnect_3" instantiated altera_merlin_multiplexer "rsp_mux_002"
Info: Reusing file /home/ellabuser/altera/15.1/Projects/DE1_SOC_Linux_FB_onchip/soc_system/synthesis/submodules/altera_merlin_arbitrator.sv
Info: border: "hps_io" instantiated altera_interface_generator "border"
Info: error_adapter_0: "avalon_st_adapter" instantiated error_adapter "error_adapter_0"
Info: error_adapter_0: "avalon_st_adapter" instantiated error_adapter "error_adapter_0"
Info: soc_system: Done "soc_system" with 129 modules, 310 files
Info: qsys-generate succeeded.
Info: Finished: Create HDL design files for synthesis
